==3538== Memcheck, a memory error detector
==3538== Copyright (C) 2002-2017, and GNU GPL'd, by Julian Seward et al.
==3538== Using Valgrind-3.15.0-608cb11914-20190413 and LibVEX; rerun with -h for copyright info
==3538== Command: bin/attester
==3538== 
--3538-- Valgrind options:
--3538--    --leak-check=full
--3538--    --show-leak-kinds=all
--3538--    -v
--3538-- Contents of /proc/version:
--3538--   Linux version 5.10.124-linuxkit (root@buildkitsandbox) (gcc (Alpine 10.2.1_pre1) 10.2.1 20201203, GNU ld (GNU Binutils) 2.35.2) #1 SMP PREEMPT Thu Jun 30 08:18:26 UTC 2022
--3538-- 
--3538-- Arch and hwcaps: ARM64, LittleEndian, baseline
--3538-- Page sizes: currently 4096, max supported 65536
--3538-- Valgrind library directory: /usr/lib/aarch64-linux-gnu/valgrind
--3538-- Reading syms from /home/bob/charra/bin/attester
--3538-- Reading syms from /usr/lib/aarch64-linux-gnu/ld-2.31.so
--3538--   Considering /usr/lib/debug/.build-id/b6/7648e0ab1141e21a749711cde7a7b250b9e1d3.debug ..
--3538--   .. build-id is valid
--3538-- Reading syms from /usr/lib/aarch64-linux-gnu/valgrind/memcheck-arm64-linux
--3538--    object doesn't have a symbol table
--3538--    object doesn't have a dynamic symbol table
--3538-- Scheduler: using generic scheduler lock implementation.
--3538-- Reading suppressions file: /usr/lib/aarch64-linux-gnu/valgrind/default.supp
==3538== embedded gdbserver: reading from /tmp/vgdb-pipe-from-vgdb-to-3538-by-???-on-de9b5d9f0bda
==3538== embedded gdbserver: writing to   /tmp/vgdb-pipe-to-vgdb-from-3538-by-???-on-de9b5d9f0bda
==3538== embedded gdbserver: shared mem   /tmp/vgdb-pipe-shared-mem-vgdb-3538-by-???-on-de9b5d9f0bda
==3538== 
==3538== TO CONTROL THIS PROCESS USING vgdb (which you probably
==3538== don't want to do, unless you know exactly what you're doing,
==3538== or are doing some strange experiment):
==3538==   /usr/lib/aarch64-linux-gnu/valgrind/../../bin/vgdb --pid=3538 ...command...
==3538== 
==3538== TO DEBUG THIS PROCESS USING GDB: start GDB like this
==3538==   /path/to/gdb bin/attester
==3538== and then give GDB the following command
==3538==   target remote | /usr/lib/aarch64-linux-gnu/valgrind/../../bin/vgdb --pid=3538
==3538== --pid is optional if only one valgrind process is running
==3538== 
--3538-- REDIR: 0x4019400 (ld-linux-aarch64.so.1:strlen) redirected to 0x580c5de8 (???)
--3538-- REDIR: 0x4018440 (ld-linux-aarch64.so.1:strcmp) redirected to 0x580c5e3c (???)
--3538-- REDIR: 0x4018330 (ld-linux-aarch64.so.1:index) redirected to 0x580c5e10 (???)
--3538-- Reading syms from /usr/lib/aarch64-linux-gnu/valgrind/vgpreload_core-arm64-linux.so
--3538--    object doesn't have a symbol table
--3538-- Reading syms from /usr/lib/aarch64-linux-gnu/valgrind/vgpreload_memcheck-arm64-linux.so
--3538--    object doesn't have a symbol table
--3538-- Reading syms from /usr/local/lib/libcoap-2-tinydtls.so.3.0.0
--3538-- Reading syms from /usr/local/lib/libqcbor.so.1.0.0
--3538-- Reading syms from /usr/lib/aarch64-linux-gnu/libm-2.31.so
--3538--   Considering /usr/lib/debug/.build-id/ef/5f79ec54a7fe0dbb8f0cf2a360c360978c8d39.debug ..
--3538--   .. build-id is valid
--3538-- Reading syms from /usr/local/lib/libmbedcrypto.so.6
--3538-- Reading syms from /usr/local/lib/libtss2-esys.so.0.0.0
--3538-- Reading syms from /usr/local/lib/libtss2-mu.so.0.0.0
--3538-- Reading syms from /usr/local/lib/libtss2-tctildr.so.0.0.0
--3538-- Reading syms from /usr/lib/aarch64-linux-gnu/libc-2.31.so
--3538--   Considering /usr/lib/debug/.build-id/b7/b30ba2c0f618615a8d32d86813718bb2fdb567.debug ..
--3538--   .. build-id is valid
--3538-- Reading syms from /usr/local/lib/libtinydtls.so
--3538-- Reading syms from /usr/lib/aarch64-linux-gnu/libcrypto.so.1.1
--3538--    object doesn't have a symbol table
--3538-- Reading syms from /usr/local/lib/libtss2-sys.so.1.0.0
--3538-- Reading syms from /usr/lib/aarch64-linux-gnu/libdl-2.31.so
--3538--   Considering /usr/lib/debug/.build-id/e6/bacb58f1852797463ae6de925c26bd634492bf.debug ..
--3538--   .. build-id is valid
--3538-- Reading syms from /usr/lib/aarch64-linux-gnu/libpthread-2.31.so
--3538--   Considering /usr/lib/debug/.build-id/9e/e85bfaafff46d2fae9ac6c7ff06a68e9080cc8.debug ..
--3538--   .. build-id is valid
--3538-- REDIR: 0x4b77ab0 (libc.so.6:memchr) redirected to 0x48346c8 (_vgnU_ifunc_wrapper)
--3538-- REDIR: 0x4b768d8 (libc.so.6:strlen) redirected to 0x48346c8 (_vgnU_ifunc_wrapper)
--3538-- REDIR: 0x4b77c90 (libc.so.6:memmove) redirected to 0x48346c8 (_vgnU_ifunc_wrapper)
--3538-- REDIR: 0x4b78390 (libc.so.6:memcpy) redirected to 0x48346c8 (_vgnU_ifunc_wrapper)
--3538-- REDIR: 0x4b77da0 (libc.so.6:memset) redirected to 0x48346c8 (_vgnU_ifunc_wrapper)
--3538-- REDIR: 0x4b76d40 (libc.so.6:rindex) redirected to 0x484cc40 (rindex)
--3538-- REDIR: 0x4b7f680 (libc.so.6:__GI_strlen) redirected to 0x484d268 (__GI_strlen)
--3538-- REDIR: 0x4b72a08 (libc.so.6:free) redirected to 0x484aeb0 (free)
--3538-- REDIR: 0x4b72420 (libc.so.6:malloc) redirected to 0x4849d18 (malloc)
--3538-- REDIR: 0x4b7ddd0 (libc.so.6:__GI_memcpy) redirected to 0x484efb0 (__GI_memcpy)
--3538-- REDIR: 0x4b77708 (libc.so.6:strstr) redirected to 0x4851fb8 (strstr)
--3538-- REDIR: 0x4b77b00 (libc.so.6:bcmp) redirected to 0x48504d8 (bcmp)
--3538-- REDIR: 0x4b76100 (libc.so.6:strcmp) redirected to 0x484e278 (strcmp)
--3538-- REDIR: 0x4b79ab0 (libc.so.6:strchrnul) redirected to 0x4851790 (strchrnul)
16:36:46 [32mINFO [0m [90msrc/attester.c:200:[0m --3538-- REDIR: 0x4b77e60 (libc.so.6:mempcpy) redirected to 0x4851890 (mempcpy)
[attester] Initializing CoAP in block-wise mode.
--3538-- REDIR: 0x4b7ef40 (libc.so.6:__GI_memset) redirected to 0x4850c50 (memset)
--3538-- REDIR: 0x4b73160 (libc.so.6:calloc) redirected to 0x484c000 (calloc)
16:36:46 [32mINFO [0m [90msrc/attester.c:251:[0m [attester] Creating CoAP server endpoint using UDP.
16:36:46 [32mINFO [0m [90msrc/attester.c:263:[0m [attester] Registering CoAP resources.
16:36:46 [32mINFO [0m [90msrc/util/coap_util.c:192:[0m [coap-util] Adding CoAP FETCH resource 'attest'.
16:36:46 [32mINFO [0m [90msrc/attester.c:316:[0m [attester] Testing pipeline
16:36:46 [32mINFO [0m [90msrc/attester.c:321:[0m [attester] Resource 'attest': Received message.
16:36:46 [32mINFO [0m [90msrc/attester.c:335:[0m [attester] Received data of length 52.
16:36:46 [32mINFO [0m [90msrc/attester.c:337:[0m [attester] Received data of total length 52.
16:36:46 [32mINFO [0m [90msrc/attester.c:342:[0m [attester] Parsing received CBOR data.
16:36:46 [32mINFO [0m [90msrc/attester.c:352:[0m [attester] Preparing TPM quote data.
16:36:46 [32mINFO [0m [90msrc/attester.c:363:[0m Received nonce of length 20:
                                   0xacd2456b477705d3c9c360ea4c0decd6dbbb19f5
--3538-- Reading syms from /usr/local/lib/libtss2-tcti-mssim.so.0.0.0
--3538-- REDIR: 0x4b76020 (libc.so.6:index) redirected to 0x484cdf0 (index)
--3538-- REDIR: 0x4b7f480 (libc.so.6:__GI_memchr) redirected to 0x484e468 (__GI_memchr)
--3538-- REDIR: 0x4b78220 (libc.so.6:strncasecmp) redirected to 0x484dc28 (strncasecmp)
--3538-- REDIR: 0x4b76b1c (libc.so.6:strncmp) redirected to 0x484d9e8 (strncmp)
--3538-- REDIR: 0x4b76e48 (libc.so.6:strpbrk) redirected to 0x4852150 (strpbrk)
--3538-- REDIR: 0x4b77fc0 (libc.so.6:stpcpy) redirected to 0x48505f8 (stpcpy)
--3538-- Reading syms from /usr/lib/aarch64-linux-gnu/libnss_files-2.31.so
--3538--   Considering /usr/lib/debug/.build-id/64/717a87a20c4917fa46775553215497233379a6.debug ..
--3538--   .. build-id is valid
--3538-- REDIR: 0x4b76200 (libc.so.6:strcpy) redirected to 0x484d358 (strcpy)
--3538-- REDIR: 0x4b781c8 (libc.so.6:strcasecmp) redirected to 0x484db48 (strcasecmp)
--3538-- REDIR: 0x4b7ddc0 (libc.so.6:__GI_memmove) redirected to 0x4851058 (__GI_memmove)
--3538-- REDIR: 0x4b72c70 (libc.so.6:realloc) redirected to 0x484c228 (realloc)
16:36:46 [32mINFO [0m [90msrc/attester.c:392:[0m [attester] Loading TPM key.
16:36:46 [32mINFO [0m [90msrc/core/charra_key_mgr.c:36:[0m Loading key "PK.RSA.default".
16:36:47 [32mINFO [0m [90msrc/util/tpm2_util.c:117:[0m Primary Key created successfully.
16:36:47 [32mINFO [0m [90msrc/attester.c:401:[0m [attester] Do TPM Quote.
16:36:47 [32mINFO [0m [90msrc/attester.c:409:[0m [attester] TPM Quote successful.
16:36:47 [32mINFO [0m [90msrc/attester.c:436:[0m [attester] Preparing response.
16:36:47 [32mINFO [0m [90msrc/attester.c:462:[0m [attester] Marshaling response to CBOR.
16:36:47 [32mINFO [0m [90msrc/attester.c:470:[0m [attester] Size of marshaled response is 5 bytes.
16:36:47 [32mINFO [0m [90msrc/attester.c:477:[0m [attester] Adding marshaled data to CoAP response PDU and send it.
--3538-- Discarding syms at 0x53a11e0-0x53a4064 in /usr/local/lib/libtss2-tcti-mssim.so.0.0.0 (have_dinfo 1)
--3538-- Discarding syms at 0x53b9450-0x53bfc7c in /usr/lib/aarch64-linux-gnu/libnss_files-2.31.so (have_dinfo 1)
==3538== 
==3538== HEAP SUMMARY:
==3538==     in use at exit: 0 bytes in 0 blocks
==3538==   total heap usage: 3,186 allocs, 3,186 frees, 169,624 bytes allocated
==3538== 
==3538== All heap blocks were freed -- no leaks are possible
==3538== 
==3538== ERROR SUMMARY: 0 errors from 0 contexts (suppressed: 0 from 0)
